"set"
13845
23763
20872
20666
1386
2454
5199
13569
5919
23440
17920
4942
20034
1608
9398
26363
26017
20658
15103
4010
10473
28098
5804
28320
25810
6908
22479
22361
22739
21139
11872
23224
13003
14808
1667
3936
5650
10478
1102
14250
16028
25356
28652
11262
3125
22761
3545
20495
3537
10951
22052
9650
18665
14368
3619
17980
27947
20921
6158
15371
5632
6711
22371
17221
11332
16744
13401
19141
9238
1676
14119
26770
7848
26082
1820
13770
1155
26312
23725
29362
11247
18214
21638
16933
16154
4715
1768
11618
9302
9826
22820
27323
8114
12663
12751
2226
15251
9367
26334
13902
19716
28879
7945
17575
493
6197
4731
3934
3481
19185
24263
13779
27676
25841
20354
21795
2236
18892
12401
15345
7288
14011
1988
16706
24960
5174
10807
17768
8006
10125
25385
14161
12209
4527
24603
25233
5662
19630
17356
2447
8466
4868
8454
29817
22581
25627
22649
13601
2278
20445
10063
8001
8028
8359
3132
24958
7813
27557
7933
2583
22301
19082
15490
20248
5591
11640
20599
10874
1773
10038
17752
18437
7356
27729
4880
23773
24531
21284
13463
1864
20453
29660
16133
19594
21815
27604
27524
308
13699
449
1388
9238
21512
27019
5952
10766
13656
1041
18334
11420
5067
13668
23877
4287
19893
3468
27947
21777
16290
17188
21851
10076
21676
10590
26269
16655
28000
13509
28537
24484
5877
15440
12668
20017
17526
12793
21564
19893
5507
25762
23711
11442
12724
23123
19766
5285
20807
11992
16277
29876
3318
13414
28072
6636
9879
2436
12316
2917
18648
2839
18367
3590
13340
23897
6675
8444
4439
5165
13781
25372
16221
22697
1903
5774
14748
9598
20699
15252
5703
14913
16076
11133
12476
18702
17245
15490
14524
8224
2468
8090
789
759
6248
21545
26638
14824
20774
22069
21854
8634
8134
20278
21790
25409
9535
6638
1169
7673
21186
13676
27363
18978
2722
23294
17084
8765
13581
14478
12027
20510
24515
7369
23894
9783
10932
3475
27048
16453
9542
7344
17322
4563
21103
1619
24373
501
25759
18736
6397
8455
19224
25404
7764
24843
1390
19477
28005
3258
12105
760
3616
10082
11115
2829
19305
20972
27567
3810
2906
22113
49
11887
10479
18338
11281
25671
5813
28412
12092
22709
588
18454
28768
26877
24002
21571
4472
4599
16618
19994
110
17214
7149
10562
12821
14909
1583
5652
6988
18436
8468
15487
19495
4980
21077
20236
12104
20827
6509
16513
9087
13336
21110
2241
14156
7559
25331
19439
17132
8126
15179
18872
7845
22671
8563
14291
15933
13704
26894
1820
22746
22775
8689
11797
4545
16148
4631
20808
6422
16915
13680
24033
23222
24605
7333
15238
22960
4542
2981
11948
12904
28302
6059
7954
3330
20566
20646
13389
11826
1870
10352
6755
4956
11210
24705
3830
8899
19148
11683
19346
18561
15005
14639
14927
25525
10795
3160
22204
26207
23241
12577
27537
21084
26564
23485
22165
7083
23168
13493
481
14298
26395
564
5301
1047
7850
3486
11707
745
21068
2277
6627
22900
20738
16788
4961
19162
26348
13911
16188
28896
16451
19822
23030
18549
1045
25645
24569
20360
9261
