"set"
16166
27349
6644
7923
10784
28263
14280
21271
282
13249
3099
4068
6306
22255
2509
28575
17
16271
3871
19337
2212
19848
1624
25623
19404
6555
27824
18082
4189
25418
6279
16945
24513
15442
28461
26773
15305
15651
5972
15092
15908
18842
15314
10965
5561
10716
9575
17420
15146
25924
19952
18718
12771
29725
8108
12684
12307
27733
29785
7815
5791
19672
27152
2148
15500
4969
22778
7780
26763
25033
2799
21030
2323
15407
28497
12835
17822
18228
9550
3157
19641
13579
4218
19592
2092
17515
25995
24456
18852
18787
28797
25503
29232
28480
13288
4036
13963
2035
26125
8007
22801
696
20566
13185
5532
19291
9012
29849
22225
27375
8490
7931
2689
7210
9966
16932
10692
28699
13088
22271
14256
21251
3280
12524
21581
16250
3597
19213
967
8061
24418
19989
12557
2962
6959
9947
2927
28556
553
3946
5093
20692
20456
24712
26945
14788
18883
24104
13890
19204
4571
15797
19213
22259
12145
2136
13324
19431
28386
26919
8414
6767
17994
12531
27747
8617
9856
15847
4259
14050
14896
29053
22597
17676
16547
15100
3138
19622
18716
10695
5845
1937
8591
16118
24874
22017
13435
24984
4049
18000
25028
28596
27093
28906
18399
18436
22334
25741
10420
28127
15686
29790
4376
25112
4742
18971
8837
12923
13749
12283
24527
24827
10147
13325
26573
1515
3278
5485
11769
23140
7992
5709
16755
26122
24640
16715
3811
10417
29827
14587
21192
11413
23197
22698
16229
21565
4124
4811
9584
9289
5982
18420
12435
28601
29213
8188
14133
439
21953
6710
19583
25832
26859
1680
3923
28256
21957
1692
8213
9560
27126
7067
12038
14569
19884
16563
14305
25865
17580
25323
28604
12579
27386
23445
21016
12321
7592
29690
15517
21675
374
20192
21950
14460
3688
13848
26835
11456
15182
10631
11336
26536
9733
11010
8850
24872
6054
25461
26882
20523
14936
3064
13934
7174
14696
3738
21299
13759
18317
12075
29937
29792
4844
5139
21569
27335
20419
20709
17984
9060
28898
6823
15323
8726
299
22706
27803
23964
22944
10567
1029
5983
18771
29320
12416
25894
21730
23128
17733
5793
12432
24125
12708
2401
20994
7796
14629
27922
12486
10764
24502
23993
4884
12857
4216
1061
29030
18855
1958
19631
17432
28646
4820
27819
28658
17090
19624
25394
8273
26704
7809
18158
26362
15723
25144
19755
12019
23032
29999
16890
19725
12367
3967
3215
18141
18640
29099
14935
6037
28459
11224
3228
5910
11410
29876
9135
13054
13457
8638
29771
7784
13877
4594
29709
5913
13148
7862
5564
23053
29899
24862
3400
14916
6893
10923
23667
2139
15904
8730
19756
21372
6004
25457
8353
13212
11271
6194
27973
8157
14166
27855
1445
18333
24502
9058
20070
12699
9572
9811
9870
7144
28245
24598
16950
18060
11048
24697
27712
28142
17301
9912
6285
8904
26957
19933
195
26817
15872
29
6532
7997
27974
25111
9328
9431
27239
12091
18586
11002
14791
13833
19199
24791
10907
28313
1638
6977
19562
20766
10855
24832
28073
10680
4001
1961
27669
21513
3096
10314
26590
18266
397
4248
29659
5121
22366
19045
10877
26265
20057
